#
# There is insufficient memory for the Java Runtime Environment to continue.
# Native memory allocation (mmap) failed to map 121634816 bytes for G1 virtual space
# Possible reasons:
#   The system is out of physical RAM or swap space
#   The process is running with CompressedOops enabled, and the Java Heap may be blocking the growth of the native heap
# Possible solutions:
#   Reduce memory load on the system
#   Increase physical memory or swap space
#   Check if swap backing store is full
#   Decrease Java heap size (-Xmx/-Xms)
#   Decrease number of Java threads
#   Decrease Java thread stack sizes (-Xss)
#   Set larger code cache with -XX:ReservedCodeCacheSize=
#   JVM is running with Zero Based Compressed Oops mode in which the Java heap is
#     placed in the first 32GB address space. The Java Heap base address is the
#     maximum limit for the native heap growth. Please use -XX:HeapBaseMinAddress
#     to set the Java Heap base and to place the Java Heap above 32GB virtual address.
# This output file may be truncated or incomplete.
#
#  Out of Memory Error (os_windows.cpp:3557), pid=23776, tid=25036
#
# JRE version: OpenJDK Runtime Environment Corretto-17.0.6.10.1 (17.0.6+10) (build 17.0.6+10-LTS)
# Java VM: OpenJDK 64-Bit Server VM Corretto-17.0.6.10.1 (17.0.6+10-LTS, mixed mode, sharing, tiered, compressed oops, compressed class ptrs, g1 gc, windows-amd64)
# No core dump will be written. Minidumps are not enabled by default on client versions of Windows
#

---------------  S U M M A R Y ------------

Command Line: -Dfile.encoding=windows-1251 -Duser.country=US -Duser.language=en -Duser.variant com.naa.trainingcenter.TrainingcenterApplication

Host: Intel(R) Core(TM) i7-8700 CPU @ 3.20GHz, 12 cores, 15G,  Windows 10 , 64 bit Build 19041 (10.0.19041.2251)
Time: Tue Jul 25 14:25:41 2023 Azerbaijan Standard Time elapsed time: 27.900563 seconds (0d 0h 0m 27s)

---------------  T H R E A D  ---------------

Current thread (0x0000026a278dbc80):  VMThread "VM Thread" [stack: 0x000000f4abf00000,0x000000f4ac000000] [id=25036]

Stack: [0x000000f4abf00000,0x000000f4ac000000]
Native frames: (J=compiled Java code, j=interpreted, Vv=VM code, C=native code)
V  [jvm.dll+0x64b39a]
V  [jvm.dll+0x7ff044]
V  [jvm.dll+0x8007fe]
V  [jvm.dll+0x800e53]
V  [jvm.dll+0x235848]
V  [jvm.dll+0x6482fa]
V  [jvm.dll+0x63ca0a]
V  [jvm.dll+0x2f3d59]
V  [jvm.dll+0x2faee6]
V  [jvm.dll+0x34755a]
V  [jvm.dll+0x34779f]
V  [jvm.dll+0x2ca128]
V  [jvm.dll+0x2c8617]
V  [jvm.dll+0x2c7bfc]
V  [jvm.dll+0x30b451]
V  [jvm.dll+0x80528b]
V  [jvm.dll+0x805f68]
V  [jvm.dll+0x806495]
V  [jvm.dll+0x806864]
V  [jvm.dll+0x80692e]
V  [jvm.dll+0x7b1d6a]
V  [jvm.dll+0x64a265]
C  [ucrtbase.dll+0x21bb2]
C  [KERNEL32.DLL+0x174b4]
C  [ntdll.dll+0x526a1]

VM_Operation (0x000000f4ae1fa4f8): G1TryInitiateConcMark, mode: safepoint, requested by thread 0x0000026a2d2107a0


---------------  P R O C E S S  ---------------

Threads class SMR info:
_java_thread_list=0x0000026a2857f650, length=29, elements={
0x0000026a278de870, 0x0000026a28403850, 0x0000026a2841d2e0, 0x0000026a2841fca0,
0x0000026a28420650, 0x0000026a28425010, 0x0000026a28425cf0, 0x0000026a284266e0,
0x0000026a284314e0, 0x0000026a2856e260, 0x0000026a2857a2f0, 0x0000026a2b9e2fe0,
0x0000026a2b122270, 0x0000026a2d295830, 0x0000026a2defb970, 0x0000026a2925bc10,
0x0000026a2d2107a0, 0x0000026a2f44a9b0, 0x0000026a2e548ce0, 0x0000026a2d8d3690,
0x0000026a2d8d61e0, 0x0000026a2d8d66b0, 0x0000026a2d8d5840, 0x0000026a2d8d6b80,
0x0000026a2d8d5d10, 0x0000026a2d8d4ea0, 0x0000026a2d8d3b60, 0x0000026a2d8d4500,
0x0000026a2d8d4030
}

Java Threads: ( => current thread )
  0x0000026a278de870 JavaThread "Reference Handler" daemon [_thread_blocked, id=14744, stack(0x000000f4ac000000,0x000000f4ac100000)]
  0x0000026a28403850 JavaThread "Finalizer" daemon [_thread_blocked, id=20440, stack(0x000000f4ac100000,0x000000f4ac200000)]
  0x0000026a2841d2e0 JavaThread "Signal Dispatcher" daemon [_thread_blocked, id=22880, stack(0x000000f4ac200000,0x000000f4ac300000)]
  0x0000026a2841fca0 JavaThread "Attach Listener" daemon [_thread_blocked, id=25616, stack(0x000000f4ac300000,0x000000f4ac400000)]
  0x0000026a28420650 JavaThread "Service Thread" daemon [_thread_blocked, id=11528, stack(0x000000f4ac400000,0x000000f4ac500000)]
  0x0000026a28425010 JavaThread "Monitor Deflation Thread" daemon [_thread_blocked, id=13788, stack(0x000000f4ac500000,0x000000f4ac600000)]
  0x0000026a28425cf0 JavaThread "C2 CompilerThread0" daemon [_thread_blocked, id=5656, stack(0x000000f4ac600000,0x000000f4ac700000)]
  0x0000026a284266e0 JavaThread "C1 CompilerThread0" daemon [_thread_blocked, id=19244, stack(0x000000f4ac700000,0x000000f4ac800000)]
  0x0000026a284314e0 JavaThread "Sweeper thread" daemon [_thread_blocked, id=24212, stack(0x000000f4ac800000,0x000000f4ac900000)]
  0x0000026a2856e260 JavaThread "Notification Thread" daemon [_thread_blocked, id=14720, stack(0x000000f4ac900000,0x000000f4aca00000)]
  0x0000026a2857a2f0 JavaThread "Common-Cleaner" daemon [_thread_blocked, id=15676, stack(0x000000f4acb00000,0x000000f4acc00000)]
  0x0000026a2b9e2fe0 JavaThread "Catalina-utility-1" [_thread_blocked, id=8772, stack(0x000000f4ada00000,0x000000f4adb00000)]
  0x0000026a2b122270 JavaThread "Catalina-utility-2" [_thread_blocked, id=5188, stack(0x000000f4adb00000,0x000000f4adc00000)]
  0x0000026a2d295830 JavaThread "container-0" [_thread_blocked, id=13432, stack(0x000000f4adc00000,0x000000f4add00000)]
  0x0000026a2defb970 JavaThread "mysql-cj-abandoned-connection-cleanup" daemon [_thread_blocked, id=21684, stack(0x000000f4add00000,0x000000f4ade00000)]
  0x0000026a2925bc10 JavaThread "HikariPool-1 housekeeper" daemon [_thread_blocked, id=26212, stack(0x000000f4adf00000,0x000000f4ae000000)]
  0x0000026a2d2107a0 JavaThread "http-nio-8090-exec-1" daemon [_thread_blocked, id=25812, stack(0x000000f4ae100000,0x000000f4ae200000)]
  0x0000026a2f44a9b0 JavaThread "http-nio-8090-exec-2" daemon [_thread_blocked, id=18748, stack(0x000000f4ae200000,0x000000f4ae300000)]
  0x0000026a2e548ce0 JavaThread "http-nio-8090-exec-3" daemon [_thread_blocked, id=12232, stack(0x000000f4ae300000,0x000000f4ae400000)]
  0x0000026a2d8d3690 JavaThread "http-nio-8090-exec-4" daemon [_thread_blocked, id=19104, stack(0x000000f4ae400000,0x000000f4ae500000)]
  0x0000026a2d8d61e0 JavaThread "http-nio-8090-exec-5" daemon [_thread_blocked, id=23684, stack(0x000000f4ae500000,0x000000f4ae600000)]
  0x0000026a2d8d66b0 JavaThread "http-nio-8090-exec-6" daemon [_thread_blocked, id=26076, stack(0x000000f4ae600000,0x000000f4ae700000)]
  0x0000026a2d8d5840 JavaThread "http-nio-8090-exec-7" daemon [_thread_blocked, id=18772, stack(0x000000f4ae700000,0x000000f4ae800000)]
  0x0000026a2d8d6b80 JavaThread "http-nio-8090-exec-8" daemon [_thread_blocked, id=23300, stack(0x000000f4ae800000,0x000000f4ae900000)]
  0x0000026a2d8d5d10 JavaThread "http-nio-8090-exec-9" daemon [_thread_blocked, id=24680, stack(0x000000f4ae900000,0x000000f4aea00000)]
  0x0000026a2d8d4ea0 JavaThread "http-nio-8090-exec-10" daemon [_thread_blocked, id=13532, stack(0x000000f4aea00000,0x000000f4aeb00000)]
  0x0000026a2d8d3b60 JavaThread "http-nio-8090-Poller" daemon [_thread_in_native, id=21360, stack(0x000000f4aeb00000,0x000000f4aec00000)]
  0x0000026a2d8d4500 JavaThread "http-nio-8090-Acceptor" daemon [_thread_in_native, id=26188, stack(0x000000f4aec00000,0x000000f4aed00000)]
  0x0000026a2d8d4030 JavaThread "DestroyJavaVM" [_thread_blocked, id=22524, stack(0x000000f4ab900000,0x000000f4aba00000)]

Other Threads:
=>0x0000026a278dbc80 VMThread "VM Thread" [stack: 0x000000f4abf00000,0x000000f4ac000000] [id=25036]
  0x0000026a04671540 WatcherThread [stack: 0x000000f4aca00000,0x000000f4acb00000] [id=16288]
  0x0000026a0464f630 GCTaskThread "GC Thread#0" [stack: 0x000000f4aba00000,0x000000f4abb00000] [id=636]
  0x0000026a28fb86c0 GCTaskThread "GC Thread#1" [stack: 0x000000f4ace00000,0x000000f4acf00000] [id=13968]
  0x0000026a28f63ec0 GCTaskThread "GC Thread#2" [stack: 0x000000f4acf00000,0x000000f4ad000000] [id=6964]
  0x0000026a28f64170 GCTaskThread "GC Thread#3" [stack: 0x000000f4ad000000,0x000000f4ad100000] [id=19372]
  0x0000026a28f64a30 GCTaskThread "GC Thread#4" [stack: 0x000000f4ad100000,0x000000f4ad200000] [id=11816]
  0x0000026a28f64ef0 GCTaskThread "GC Thread#5" [stack: 0x000000f4ad200000,0x000000f4ad300000] [id=13572]
  0x0000026a28f61670 GCTaskThread "GC Thread#6" [stack: 0x000000f4ad300000,0x000000f4ad400000] [id=24072]
  0x0000026a296411c0 GCTaskThread "GC Thread#7" [stack: 0x000000f4ad500000,0x000000f4ad600000] [id=1792]
  0x0000026a2963f6e0 GCTaskThread "GC Thread#8" [stack: 0x000000f4ad600000,0x000000f4ad700000] [id=23440]
  0x0000026a296401a0 GCTaskThread "GC Thread#9" [stack: 0x000000f4ad400000,0x000000f4ad500000] [id=10364]
  0x0000026a046601f0 ConcurrentGCThread "G1 Main Marker" [stack: 0x000000f4abb00000,0x000000f4abc00000] [id=26048]
  0x0000026a04660c00 ConcurrentGCThread "G1 Conc#0" [stack: 0x000000f4abc00000,0x000000f4abd00000] [id=19360]
  0x0000026a29640700 ConcurrentGCThread "G1 Conc#1" [stack: 0x000000f4ad700000,0x000000f4ad800000] [id=9324]
  0x0000026a2b196510 ConcurrentGCThread "G1 Conc#2" [stack: 0x000000f4ad800000,0x000000f4ad900000] [id=22360]
  0x0000026a27797650 ConcurrentGCThread "G1 Refine#0" [stack: 0x000000f4abd00000,0x000000f4abe00000] [id=6168]
  0x0000026a2de63cf0 ConcurrentGCThread "G1 Refine#1" [stack: 0x000000f4ad900000,0x000000f4ada00000] [id=5872]
  0x0000026a27797f80 ConcurrentGCThread "G1 Service" [stack: 0x000000f4abe00000,0x000000f4abf00000] [id=12384]

Threads with active compile tasks:
C2 CompilerThread0    27930 7926       4       java.util.HashSet::<init> (18 bytes)
C1 CompilerThread0    27930 7930       3       org.springframework.security.web.firewall.StrictHttpFirewall$StrictFirewalledRequest$1::nextElement (23 bytes)

VM state: at safepoint (normal execution)

VM Mutex/Monitor currently owned by a thread:  ([mutex/lock_event])
[0x0000026a045dab70] Threads_lock - owner thread: 0x0000026a278dbc80
[0x0000026a045da930] Heap_lock - owner thread: 0x0000026a2d2107a0

Heap address: 0x0000000703800000, size: 4040 MB, Compressed Oops mode: Zero based, Oop shift amount: 3

CDS archive(s) mapped at: [0x0000000800000000-0x0000000800bc0000-0x0000000800bc0000), size 12320768, SharedBaseAddress: 0x0000000800000000, ArchiveRelocationMode: 0.
Compressed class space mapped at: 0x0000000800c00000-0x0000000840c00000, reserved size: 1073741824
Narrow klass base: 0x0000000800000000, Narrow klass shift: 0, Narrow klass range: 0x100000000

GC Precious Log:
 CPUs: 12 total, 12 available
 Memory: 16158M
 Large Page Support: Disabled
 NUMA Support: Disabled
 Compressed Oops: Enabled (Zero based)
 Heap Region Size: 2M
 Heap Min Capacity: 8M
 Heap Initial Capacity: 254M
 Heap Max Capacity: 4040M
 Pre-touch: Disabled
 Parallel Workers: 10
 Concurrent Workers: 3
 Concurrent Refinement Workers: 10
 Periodic GC: Disabled

Heap:
 garbage-first heap   total 260096K, used 79113K [0x0000000703800000, 0x0000000800000000)
  region size 2048K, 2 young (4096K), 2 survivors (4096K)
 Metaspace       used 67553K, committed 68032K, reserved 1114112K
  class space    used 8876K, committed 9152K, reserved 1048576K

Heap Regions: E=young(eden), S=young(survivor), O=old, HS=humongous(starts), HC=humongous(continues), CS=collection set, F=free, OA=open archive, CA=closed archive, TAMS=top-at-mark-start (previous, next)
|   0|0x0000000703800000, 0x0000000703a00000, 0x0000000703a00000|100%| O|  |TAMS 0x0000000703a00000, 0x0000000703a00000| Untracked 
|   1|0x0000000703a00000, 0x0000000703c00000, 0x0000000703c00000|100%| O|  |TAMS 0x0000000703c00000, 0x0000000703c00000| Untracked 
|   2|0x0000000703c00000, 0x0000000703e00000, 0x0000000703e00000|100%| O|  |TAMS 0x0000000703e00000, 0x0000000703e00000| Untracked 
|   3|0x0000000703e00000, 0x0000000704000000, 0x0000000704000000|100%| O|  |TAMS 0x0000000704000000, 0x0000000704000000| Untracked 
|   4|0x0000000704000000, 0x0000000704200000, 0x0000000704200000|100%| O|  |TAMS 0x0000000704200000, 0x0000000704200000| Untracked 
|   5|0x0000000704200000, 0x0000000704400000, 0x0000000704400000|100%| O|  |TAMS 0x0000000704400000, 0x0000000704400000| Untracked 
|   6|0x0000000704400000, 0x0000000704600000, 0x0000000704600000|100%| O|  |TAMS 0x0000000704600000, 0x0000000704600000| Untracked 
|   7|0x0000000704600000, 0x0000000704800000, 0x0000000704800000|100%| O|  |TAMS 0x0000000704800000, 0x0000000704800000| Untracked 
|   8|0x0000000704800000, 0x0000000704a00000, 0x0000000704a00000|100%| O|  |TAMS 0x0000000704a00000, 0x0000000704a00000| Untracked 
|   9|0x0000000704a00000, 0x0000000704c00000, 0x0000000704c00000|100%| O|  |TAMS 0x0000000704c00000, 0x0000000704c00000| Untracked 
|  10|0x0000000704c00000, 0x0000000704e00000, 0x0000000704e00000|100%| O|  |TAMS 0x0000000704e00000, 0x0000000704e00000| Untracked 
|  11|0x0000000704e00000, 0x0000000705000000, 0x0000000705000000|100%| O|  |TAMS 0x0000000704e00000, 0x0000000705000000| Untracked 
|  12|0x0000000705000000, 0x0000000705200000, 0x0000000705200000|100%| O|  |TAMS 0x0000000705200000, 0x0000000705200000| Untracked 
|  13|0x0000000705200000, 0x0000000705400000, 0x0000000705400000|100%| O|  |TAMS 0x0000000705400000, 0x0000000705400000| Untracked 
|  14|0x0000000705400000, 0x0000000705600000, 0x0000000705600000|100%| O|  |TAMS 0x0000000705600000, 0x0000000705600000| Untracked 
|  15|0x0000000705600000, 0x0000000705800000, 0x0000000705800000|100%| O|  |TAMS 0x0000000705800000, 0x0000000705800000| Untracked 
|  16|0x0000000705800000, 0x0000000705a00000, 0x0000000705a00000|100%| O|  |TAMS 0x0000000705a00000, 0x0000000705a00000| Untracked 
|  17|0x0000000705a00000, 0x0000000705c00000, 0x0000000705c00000|100%| O|  |TAMS 0x0000000705c00000, 0x0000000705c00000| Untracked 
|  18|0x0000000705c00000, 0x0000000705e00000, 0x0000000705e00000|100%|HS|  |TAMS 0x0000000705e00000, 0x0000000705e00000| Complete 
|  19|0x0000000705e00000, 0x0000000706000000, 0x0000000706000000|100%|HC|  |TAMS 0x0000000706000000, 0x0000000706000000| Complete 
|  20|0x0000000706000000, 0x0000000706200000, 0x0000000706200000|100%|HC|  |TAMS 0x0000000706200000, 0x0000000706200000| Complete 
|  21|0x0000000706200000, 0x0000000706400000, 0x0000000706400000|100%|HC|  |TAMS 0x0000000706400000, 0x0000000706400000| Complete 
|  22|0x0000000706400000, 0x0000000706600000, 0x0000000706600000|100%| O|  |TAMS 0x0000000706400000, 0x0000000706600000| Untracked 
|  23|0x0000000706600000, 0x0000000706800000, 0x0000000706800000|100%| O|  |TAMS 0x0000000706800000, 0x0000000706800000| Untracked 
|  24|0x0000000706800000, 0x0000000706a00000, 0x0000000706a00000|100%| O|  |TAMS 0x0000000706a00000, 0x0000000706a00000| Untracked 
|  25|0x0000000706a00000, 0x0000000706c00000, 0x0000000706c00000|100%| O|  |TAMS 0x0000000706c00000, 0x0000000706c00000| Untracked 
|  26|0x0000000706c00000, 0x0000000706e00000, 0x0000000706e00000|100%| O|  |TAMS 0x0000000706de0200, 0x0000000706e00000| Untracked 
|  27|0x0000000706e00000, 0x0000000707000000, 0x0000000707000000|100%| O|  |TAMS 0x0000000706e00000, 0x0000000706f60200| Untracked 
|  28|0x0000000707000000, 0x0000000707200000, 0x0000000707200000|100%|HS|  |TAMS 0x0000000707000000, 0x0000000707200000| Complete 
|  29|0x0000000707200000, 0x0000000707400000, 0x0000000707400000|100%|HC|  |TAMS 0x0000000707200000, 0x0000000707400000| Complete 
|  30|0x0000000707400000, 0x0000000707600000, 0x0000000707600000|100%|HC|  |TAMS 0x0000000707400000, 0x0000000707600000| Complete 
|  31|0x0000000707600000, 0x0000000707800000, 0x0000000707800000|100%|HC|  |TAMS 0x0000000707600000, 0x0000000707800000| Complete 
|  32|0x0000000707800000, 0x0000000707800000, 0x0000000707a00000|  0%| F|  |TAMS 0x0000000707800000, 0x0000000707800000| Untracked 
|  33|0x0000000707a00000, 0x0000000707a00000, 0x0000000707c00000|  0%| F|  |TAMS 0x0000000707a00000, 0x0000000707a00000| Untracked 
|  34|0x0000000707c00000, 0x0000000707e00000, 0x0000000707e00000|100%|HS|  |TAMS 0x0000000707c00000, 0x0000000707e00000| Complete 
|  35|0x0000000707e00000, 0x0000000708000000, 0x0000000708000000|100%|HC|  |TAMS 0x0000000707e00000, 0x0000000708000000| Complete 
|  36|0x0000000708000000, 0x0000000708200000, 0x0000000708200000|100%| O|  |TAMS 0x0000000708000000, 0x0000000708000000| Untracked 
|  37|0x0000000708200000, 0x0000000708400000, 0x0000000708400000|100%| O|  |TAMS 0x0000000708200000, 0x0000000708200000| Untracked 
|  38|0x0000000708400000, 0x0000000708542600, 0x0000000708600000| 62%| O|  |TAMS 0x0000000708400000, 0x0000000708400000| Untracked 
|  39|0x0000000708600000, 0x0000000708600000, 0x0000000708800000|  0%| F|  |TAMS 0x0000000708600000, 0x0000000708600000| Untracked 
|  40|0x0000000708800000, 0x0000000708800000, 0x0000000708a00000|  0%| F|  |TAMS 0x0000000708800000, 0x0000000708800000| Untracked 
|  41|0x0000000708a00000, 0x0000000708a00000, 0x0000000708c00000|  0%| F|  |TAMS 0x0000000708a00000, 0x0000000708a00000| Untracked 
|  42|0x0000000708c00000, 0x0000000708c00000, 0x0000000708e00000|  0%| F|  |TAMS 0x0000000708c00000, 0x0000000708c00000| Untracked 
|  43|0x0000000708e00000, 0x0000000708e00000, 0x0000000709000000|  0%| F|  |TAMS 0x0000000708e00000, 0x0000000708e00000| Untracked 
|  44|0x0000000709000000, 0x0000000709000000, 0x0000000709200000|  0%| F|  |TAMS 0x0000000709000000, 0x0000000709000000| Untracked 
|  45|0x0000000709200000, 0x0000000709200000, 0x0000000709400000|  0%| F|  |TAMS 0x0000000709200000, 0x0000000709200000| Untracked 
|  46|0x0000000709400000, 0x0000000709400000, 0x0000000709600000|  0%| F|  |TAMS 0x0000000709400000, 0x0000000709400000| Untracked 
|  47|0x0000000709600000, 0x0000000709600000, 0x0000000709800000|  0%| F|  |TAMS 0x0000000709600000, 0x0000000709600000| Untracked 
|  48|0x0000000709800000, 0x0000000709800000, 0x0000000709a00000|  0%| F|  |TAMS 0x0000000709800000, 0x0000000709800000| Untracked 
|  49|0x0000000709a00000, 0x0000000709a00000, 0x0000000709c00000|  0%| F|  |TAMS 0x0000000709a00000, 0x0000000709a00000| Untracked 
|  50|0x0000000709c00000, 0x0000000709e00000, 0x0000000709e00000|100%| S|CS|TAMS 0x0000000709c00000, 0x0000000709c00000| Complete 
|  51|0x0000000709e00000, 0x000000070a000000, 0x000000070a000000|100%| S|CS|TAMS 0x0000000709e00000, 0x0000000709e00000| Complete 
|  52|0x000000070a000000, 0x000000070a000000, 0x000000070a200000|  0%| F|  |TAMS 0x000000070a000000, 0x000000070a000000| Untracked 
|  53|0x000000070a200000, 0x000000070a200000, 0x000000070a400000|  0%| F|  |TAMS 0x000000070a200000, 0x000000070a200000| Untracked 
|  54|0x000000070a400000, 0x000000070a400000, 0x000000070a600000|  0%| F|  |TAMS 0x000000070a400000, 0x000000070a400000| Untracked 
|  55|0x000000070a600000, 0x000000070a600000, 0x000000070a800000|  0%| F|  |TAMS 0x000000070a600000, 0x000000070a600000| Untracked 
|  56|0x000000070a800000, 0x000000070a800000, 0x000000070aa00000|  0%| F|  |TAMS 0x000000070a800000, 0x000000070a800000| Untracked 
|  57|0x000000070aa00000, 0x000000070aa00000, 0x000000070ac00000|  0%| F|  |TAMS 0x000000070aa00000, 0x000000070aa00000| Untracked 
|  58|0x000000070ac00000, 0x000000070ac00000, 0x000000070ae00000|  0%| F|  |TAMS 0x000000070ac00000, 0x000000070ac00000| Untracked 
|  59|0x000000070ae00000, 0x000000070ae00000, 0x000000070b000000|  0%| F|  |TAMS 0x000000070ae00000, 0x000000070ae00000| Untracked 
|  60|0x000000070b000000, 0x000000070b000000, 0x000000070b200000|  0%| F|  |TAMS 0x000000070b000000, 0x000000070b000000| Untracked 
|  61|0x000000070b200000, 0x000000070b200000, 0x000000070b400000|  0%| F|  |TAMS 0x000000070b200000, 0x000000070b200000| Untracked 
|  62|0x000000070b400000, 0x000000070b400000, 0x000000070b600000|  0%| F|  |TAMS 0x000000070b400000, 0x000000070b400000| Untracked 
|  63|0x000000070b600000, 0x000000070b600000, 0x000000070b800000|  0%| F|  |TAMS 0x000000070b600000, 0x000000070b600000| Untracked 
|  64|0x000000070b800000, 0x000000070b800000, 0x000000070ba00000|  0%| F|  |TAMS 0x000000070b800000, 0x000000070b800000| Untracked 
|  65|0x000000070ba00000, 0x000000070ba00000, 0x000000070bc00000|  0%| F|  |TAMS 0x000000070ba00000, 0x000000070ba00000| Untracked 
|  66|0x000000070bc00000, 0x000000070bc00000, 0x000000070be00000|  0%| F|  |TAMS 0x000000070bc00000, 0x000000070bc00000| Untracked 
|  67|0x000000070be00000, 0x000000070be00000, 0x000000070c000000|  0%| F|  |TAMS 0x000000070be00000, 0x000000070be00000| Untracked 
|  68|0x000000070c000000, 0x000000070c000000, 0x000000070c200000|  0%| F|  |TAMS 0x000000070c000000, 0x000000070c000000| Untracked 
|  69|0x000000070c200000, 0x000000070c200000, 0x000000070c400000|  0%| F|  |TAMS 0x000000070c200000, 0x000000070c200000| Untracked 
|  70|0x000000070c400000, 0x000000070c400000, 0x000000070c600000|  0%| F|  |TAMS 0x000000070c400000, 0x000000070c400000| Untracked 
|  71|0x000000070c600000, 0x000000070c600000, 0x000000070c800000|  0%| F|  |TAMS 0x000000070c600000, 0x000000070c600000| Untracked 
|  72|0x000000070c800000, 0x000000070c800000, 0x000000070ca00000|  0%| F|  |TAMS 0x000000070c800000, 0x000000070c800000| Untracked 
|  73|0x000000070ca00000, 0x000000070ca00000, 0x000000070cc00000|  0%| F|  |TAMS 0x000000070ca00000, 0x000000070ca00000| Untracked 
|  74|0x000000070cc00000, 0x000000070cc00000, 0x000000070ce00000|  0%| F|  |TAMS 0x000000070cc00000, 0x000000070cc00000| Untracked 
|  75|0x000000070ce00000, 0x000000070ce00000, 0x000000070d000000|  0%| F|  |TAMS 0x000000070ce00000, 0x000000070ce00000| Untracked 
|  76|0x000000070d000000, 0x000000070d000000, 0x000000070d200000|  0%| F|  |TAMS 0x000000070d000000, 0x000000070d000000| Untracked 
|  77|0x000000070d200000, 0x000000070d200000, 0x000000070d400000|  0%| F|  |TAMS 0x000000070d200000, 0x000000070d200000| Untracked 
|  78|0x000000070d400000, 0x000000070d400000, 0x000000070d600000|  0%| F|  |TAMS 0x000000070d400000, 0x000000070d400000| Untracked 
|  79|0x000000070d600000, 0x000000070d600000, 0x000000070d800000|  0%| F|  |TAMS 0x000000070d600000, 0x000000070d600000| Untracked 
|  80|0x000000070d800000, 0x000000070d800000, 0x000000070da00000|  0%| F|  |TAMS 0x000000070d800000, 0x000000070d800000| Untracked 
|  81|0x000000070da00000, 0x000000070da00000, 0x000000070dc00000|  0%| F|  |TAMS 0x000000070da00000, 0x000000070da00000| Untracked 
|  82|0x000000070dc00000, 0x000000070dc00000, 0x000000070de00000|  0%| F|  |TAMS 0x000000070dc00000, 0x000000070dc00000| Untracked 
|  83|0x000000070de00000, 0x000000070de00000, 0x000000070e000000|  0%| F|  |TAMS 0x000000070de00000, 0x000000070de00000| Untracked 
|  84|0x000000070e000000, 0x000000070e000000, 0x000000070e200000|  0%| F|  |TAMS 0x000000070e000000, 0x000000070e000000| Untracked 
|  85|0x000000070e200000, 0x000000070e200000, 0x000000070e400000|  0%| F|  |TAMS 0x000000070e200000, 0x000000070e200000| Untracked 
|  86|0x000000070e400000, 0x000000070e400000, 0x000000070e600000|  0%| F|  |TAMS 0x000000070e400000, 0x000000070e400000| Untracked 
|  87|0x000000070e600000, 0x000000070e600000, 0x000000070e800000|  0%| F|  |TAMS 0x000000070e600000, 0x000000070e600000| Untracked 
|  88|0x000000070e800000, 0x000000070e800000, 0x000000070ea00000|  0%| F|  |TAMS 0x000000070e800000, 0x000000070e800000| Untracked 
|  89|0x000000070ea00000, 0x000000070ea00000, 0x000000070ec00000|  0%| F|  |TAMS 0x000000070ea00000, 0x000000070ea00000| Untracked 
|  90|0x000000070ec00000, 0x000000070ec00000, 0x000000070ee00000|  0%| F|  |TAMS 0x000000070ec00000, 0x000000070ec00000| Untracked 
|  91|0x000000070ee00000, 0x000000070ee00000, 0x000000070f000000|  0%| F|  |TAMS 0x000000070ee00000, 0x000000070ee00000| Untracked 
|  92|0x000000070f000000, 0x000000070f000000, 0x000000070f200000|  0%| F|  |TAMS 0x000000070f000000, 0x000000070f000000| Untracked 
|  93|0x000000070f200000, 0x000000070f200000, 0x000000070f400000|  0%| F|  |TAMS 0x000000070f200000, 0x000000070f200000| Untracked 
|  94|0x000000070f400000, 0x000000070f400000, 0x000000070f600000|  0%| F|  |TAMS 0x000000070f400000, 0x000000070f400000| Untracked 
|  95|0x000000070f600000, 0x000000070f600000, 0x000000070f800000|  0%| F|  |TAMS 0x000000070f600000, 0x000000070f600000| Untracked 
|  96|0x000000070f800000, 0x000000070f800000, 0x000000070fa00000|  0%| F|  |TAMS 0x000000070f800000, 0x000000070f800000| Untracked 
|  97|0x000000070fa00000, 0x000000070fa00000, 0x000000070fc00000|  0%| F|  |TAMS 0x000000070fa00000, 0x000000070fa00000| Untracked 
|  98|0x000000070fc00000, 0x000000070fc00000, 0x000000070fe00000|  0%| F|  |TAMS 0x000000070fc00000, 0x000000070fc00000| Untracked 
|  99|0x000000070fe00000, 0x000000070fe00000, 0x0000000710000000|  0%| F|  |TAMS 0x000000070fe00000, 0x000000070fe00000| Untracked 
| 100|0x0000000710000000, 0x0000000710000000, 0x0000000710200000|  0%| F|  |TAMS 0x0000000710000000, 0x0000000710000000| Untracked 
| 101|0x0000000710200000, 0x0000000710200000, 0x0000000710400000|  0%| F|  |TAMS 0x0000000710200000, 0x0000000710200000| Untracked 
| 102|0x0000000710400000, 0x0000000710400000, 0x0000000710600000|  0%| F|  |TAMS 0x0000000710400000, 0x0000000710400000| Untracked 
| 103|0x0000000710600000, 0x0000000710600000, 0x0000000710800000|  0%| F|  |TAMS 0x0000000710600000, 0x0000000710600000| Untracked 
| 104|0x0000000710800000, 0x0000000710800000, 0x0000000710a00000|  0%| F|  |TAMS 0x0000000710800000, 0x0000000710800000| Untracked 
| 105|0x0000000710a00000, 0x0000000710a00000, 0x0000000710c00000|  0%| F|  |TAMS 0x0000000710a00000, 0x0000000710a00000| Untracked 
| 106|0x0000000710c00000, 0x0000000710c00000, 0x0000000710e00000|  0%| F|  |TAMS 0x0000000710c00000, 0x0000000710c00000| Untracked 
| 107|0x0000000710e00000, 0x0000000710e00000, 0x0000000711000000|  0%| F|  |TAMS 0x0000000710e00000, 0x0000000710e00000| Untracked 
| 108|0x0000000711000000, 0x0000000711000000, 0x0000000711200000|  0%| F|  |TAMS 0x0000000711000000, 0x0000000711000000| Untracked 
| 109|0x0000000711200000, 0x0000000711200000, 0x0000000711400000|  0%| F|  |TAMS 0x0000000711200000, 0x0000000711200000| Untracked 
| 110|0x0000000711400000, 0x0000000711400000, 0x0000000711600000|  0%| F|  |TAMS 0x0000000711400000, 0x0000000711400000| Untracked 
| 111|0x0000000711600000, 0x0000000711600000, 0x0000000711800000|  0%| F|  |TAMS 0x0000000711600000, 0x0000000711600000| Untracked 
| 112|0x0000000711800000, 0x0000000711800000, 0x0000000711a00000|  0%| F|  |TAMS 0x0000000711800000, 0x0000000711800000| Untracked 
| 113|0x0000000711a00000, 0x0000000711a00000, 0x0000000711c00000|  0%| F|  |TAMS 0x0000000711a00000, 0x0000000711a00000| Untracked 
| 114|0x0000000711c00000, 0x0000000711c00000, 0x0000000711e00000|  0%| F|  |TAMS 0x0000000711c00000, 0x0000000711c00000| Untracked 
| 115|0x0000000711e00000, 0x0000000711e00000, 0x0000000712000000|  0%| F|  |TAMS 0x0000000711e00000, 0x0000000711e00000| Untracked 
| 116|0x0000000712000000, 0x0000000712000000, 0x0000000712200000|  0%| F|  |TAMS 0x0000000712000000, 0x0000000712000000| Untracked 
| 117|0x0000000712200000, 0x0000000712200000, 0x0000000712400000|  0%| F|  |TAMS 0x0000000712200000, 0x0000000712200000| Untracked 
| 118|0x0000000712400000, 0x0000000712400000, 0x0000000712600000|  0%| F|  |TAMS 0x0000000712400000, 0x0000000712400000| Untracked 
| 119|0x0000000712600000, 0x0000000712600000, 0x0000000712800000|  0%| F|  |TAMS 0x0000000712600000, 0x0000000712600000| Untracked 
| 120|0x0000000712800000, 0x0000000712800000, 0x0000000712a00000|  0%| F|  |TAMS 0x0000000712800000, 0x0000000712800000| Untracked 
| 121|0x0000000712a00000, 0x0000000712a00000, 0x0000000712c00000|  0%| F|  |TAMS 0x0000000712a00000, 0x0000000712a00000| Untracked 
| 122|0x0000000712c00000, 0x0000000712c00000, 0x0000000712e00000|  0%| F|  |TAMS 0x0000000712c00000, 0x0000000712c00000| Untracked 
| 123|0x0000000712e00000, 0x0000000712e00000, 0x0000000713000000|  0%| F|  |TAMS 0x0000000712e00000, 0x0000000712e00000| Untracked 
| 124|0x0000000713000000, 0x0000000713000000, 0x0000000713200000|  0%| F|  |TAMS 0x0000000713000000, 0x0000000713000000| Untracked 
| 125|0x0000000713200000, 0x0000000713200000, 0x0000000713400000|  0%| F|  |TAMS 0x0000000713200000, 0x0000000713200000| Untracked 
| 126|0x0000000713400000, 0x0000000713400000, 0x0000000713600000|  0%| F|  |TAMS 0x0000000713400000, 0x0000000713400000| Untracked 

Card table byte_map: [0x0000026a1be10000,0x0000026a1c600000] _byte_map_base: 0x0000026a185f4000

Marking Bits (Prev, Next): (CMBitMap*) 0x0000026a0464fc40, (CMBitMap*) 0x0000026a0464fc80
 Prev Bits: [0x0000026a1cdf0000, 0x0000026a20d10000)
 Next Bits: [0x0000026a20d10000, 0x0000026a24c30000)

Polling page: 0x0000026a02440000

Metaspace:

Usage:
  Non-class:     57.30 MB used.
      Class:      8.67 MB used.
       Both:     65.97 MB used.

Virtual space:
  Non-class space:       64.00 MB reserved,      57.50 MB ( 90%) committed,  8 nodes.
      Class space:        1.00 GB reserved,       8.94 MB ( <1%) committed,  1 nodes.
             Both:        1.06 GB reserved,      66.44 MB (  6%) committed. 

Chunk freelists:
   Non-Class:  2.38 MB
       Class:  2.98 MB
        Both:  5.36 MB

MaxMetaspaceSize: unlimited
CompressedClassSpaceSize: 1.00 GB
Initial GC threshold: 21.00 MB
Current GC threshold: 110.75 MB
CDS: on
MetaspaceReclaimPolicy: balanced
 - commit_granule_bytes: 65536.
 - commit_granule_words: 8192.
 - virtual_space_node_default_size: 1048576.
 - enlarge_chunks_in_place: 1.
 - new_chunks_are_fully_committed: 0.
 - uncommit_free_chunks: 1.
 - use_allocation_guard: 0.
 - handle_deallocations: 1.


Internal statistics:

num_allocs_failed_limit: 9.
num_arena_births: 690.
num_arena_deaths: 0.
num_vsnodes_births: 9.
num_vsnodes_deaths: 0.
num_space_committed: 1063.
num_space_uncommitted: 0.
num_chunks_returned_to_freelist: 9.
num_chunks_taken_from_freelist: 3193.
num_chunk_merges: 9.
num_chunk_splits: 2182.
num_chunks_enlarged: 1627.
num_purges: 0.
num_inconsistent_stats: 0.

CodeHeap 'non-profiled nmethods': size=120000Kb used=4855Kb max_used=4855Kb free=115144Kb
 bounds [0x0000026a13b90000, 0x0000026a14050000, 0x0000026a1b0c0000]
CodeHeap 'profiled nmethods': size=120000Kb used=14012Kb max_used=14012Kb free=105987Kb
 bounds [0x0000026a0c0c0000, 0x0000026a0ce70000, 0x0000026a135f0000]
CodeHeap 'non-nmethods': size=5760Kb used=1339Kb max_used=1415Kb free=4420Kb
 bounds [0x0000026a135f0000, 0x0000026a13860000, 0x0000026a13b90000]
 total_blobs=7900 nmethods=7234 adapters=577
 compilation: enabled
              stopped_count=0, restarted_count=0
 full_count=0

Compilation events (20 events):
Event: 27.875 Thread 0x0000026a284266e0 7919       3       sun.security.ssl.OutputRecord::encrypt (26 bytes)
Event: 27.875 Thread 0x0000026a284266e0 nmethod 7919 0x0000026a0ce6a410 code [0x0000026a0ce6a5e0, 0x0000026a0ce6a828]
Event: 27.875 Thread 0x0000026a284266e0 7920       3       sun.security.ssl.OutputRecord::t13Encrypt (211 bytes)
Event: 27.876 Thread 0x0000026a284266e0 nmethod 7920 0x0000026a0ce6a910 code [0x0000026a0ce6ab80, 0x0000026a0ce6b7d8]
Event: 27.876 Thread 0x0000026a284266e0 7921       3       sun.security.ssl.Authenticator::toLong (110 bytes)
Event: 27.876 Thread 0x0000026a284266e0 nmethod 7921 0x0000026a0ce6bd10 code [0x0000026a0ce6bec0, 0x0000026a0ce6c1f8]
Event: 27.877 Thread 0x0000026a284266e0 7922       3       java.nio.channels.spi.AbstractSelectionKey::isValid (13 bytes)
Event: 27.877 Thread 0x0000026a284266e0 nmethod 7922 0x0000026a0ce6c390 code [0x0000026a0ce6c520, 0x0000026a0ce6c698]
Event: 27.877 Thread 0x0000026a284266e0 7923       3       java.util.concurrent.locks.ReentrantLock$Sync::isHeldExclusively (16 bytes)
Event: 27.877 Thread 0x0000026a284266e0 nmethod 7923 0x0000026a0ce6c710 code [0x0000026a0ce6c8a0, 0x0000026a0ce6ca38]
Event: 27.877 Thread 0x0000026a284266e0 7925       3       org.apache.tomcat.util.buf.CharChunk::<init> (15 bytes)
Event: 27.878 Thread 0x0000026a284266e0 nmethod 7925 0x0000026a0ce6cb10 code [0x0000026a0ce6ccc0, 0x0000026a0ce6cef8]
Event: 27.878 Thread 0x0000026a284266e0 7924       3       com.fasterxml.jackson.core.util.TextBuffer::carr (4 bytes)
Event: 27.878 Thread 0x0000026a284266e0 nmethod 7924 0x0000026a0ce6d010 code [0x0000026a0ce6d1a0, 0x0000026a0ce6d358]
Event: 27.878 Thread 0x0000026a28425cf0 7926       4       java.util.HashSet::<init> (18 bytes)
Event: 27.878 Thread 0x0000026a284266e0 7927       3       org.springframework.security.web.firewall.FirewalledResponse::validateCrlf (31 bytes)
Event: 27.880 Thread 0x0000026a284266e0 nmethod 7927 0x0000026a0ce6d410 code [0x0000026a0ce6d6c0, 0x0000026a0ce6e608]
Event: 27.881 Thread 0x0000026a284266e0 7929       3       org.springframework.security.web.firewall.StrictHttpFirewall$StrictFirewalledRequest$1::nextElement (5 bytes)
Event: 27.881 Thread 0x0000026a284266e0 nmethod 7929 0x0000026a0ce6eb10 code [0x0000026a0ce6ece0, 0x0000026a0ce6f0d8]
Event: 27.881 Thread 0x0000026a284266e0 7930       3       org.springframework.security.web.firewall.StrictHttpFirewall$StrictFirewalledRequest$1::nextElement (23 bytes)

GC Heap History (20 events):
Event: 2.893 GC heap after
{Heap after GC invocations=9 (full 0):
 garbage-first heap   total 55296K, used 18829K [0x0000000703800000, 0x0000000800000000)
  region size 2048K, 2 young (4096K), 2 survivors (4096K)
 Metaspace       used 35196K, committed 35520K, reserved 1081344K
  class space    used 4644K, committed 4800K, reserved 1048576K
}
Event: 2.909 GC heap before
{Heap before GC invocations=9 (full 0):
 garbage-first heap   total 55296K, used 18829K [0x0000000703800000, 0x0000000800000000)
  region size 2048K, 3 young (6144K), 2 survivors (4096K)
 Metaspace       used 35613K, committed 35968K, reserved 1081344K
  class space    used 4681K, committed 4864K, reserved 1048576K
}
Event: 2.911 GC heap after
{Heap after GC invocations=10 (full 0):
 garbage-first heap   total 55296K, used 19151K [0x0000000703800000, 0x0000000800000000)
  region size 2048K, 1 young (2048K), 1 survivors (2048K)
 Metaspace       used 35613K, committed 35968K, reserved 1081344K
  class space    used 4681K, committed 4864K, reserved 1048576K
}
Event: 3.359 GC heap before
{Heap before GC invocations=11 (full 0):
 garbage-first heap   total 55296K, used 37583K [0x0000000703800000, 0x0000000800000000)
  region size 2048K, 11 young (22528K), 1 survivors (2048K)
 Metaspace       used 43491K, committed 43776K, reserved 1089536K
  class space    used 5708K, committed 5824K, reserved 1048576K
}
Event: 3.362 GC heap after
{Heap after GC invocations=12 (full 0):
 garbage-first heap   total 157696K, used 21213K [0x0000000703800000, 0x0000000800000000)
  region size 2048K, 2 young (4096K), 2 survivors (4096K)
 Metaspace       used 43491K, committed 43776K, reserved 1089536K
  class space    used 5708K, committed 5824K, reserved 1048576K
}
Event: 3.401 GC heap before
{Heap before GC invocations=12 (full 0):
 garbage-first heap   total 157696K, used 21213K [0x0000000703800000, 0x0000000800000000)
  region size 2048K, 3 young (6144K), 2 survivors (4096K)
 Metaspace       used 43903K, committed 44224K, reserved 1089536K
  class space    used 5755K, committed 5888K, reserved 1048576K
}
Event: 3.405 GC heap after
{Heap after GC invocations=13 (full 0):
 garbage-first heap   total 157696K, used 21329K [0x0000000703800000, 0x0000000800000000)
  region size 2048K, 1 young (2048K), 1 survivors (2048K)
 Metaspace       used 43903K, committed 44224K, reserved 1089536K
  class space    used 5755K, committed 5888K, reserved 1048576K
}
Event: 4.756 GC heap before
{Heap before GC invocations=13 (full 0):
 garbage-first heap   total 157696K, used 113489K [0x0000000703800000, 0x0000000800000000)
  region size 2048K, 46 young (94208K), 1 survivors (2048K)
 Metaspace       used 56712K, committed 57152K, reserved 1105920K
  class space    used 7504K, committed 7744K, reserved 1048576K
}
Event: 4.761 GC heap after
{Heap after GC invocations=14 (full 0):
 garbage-first heap   total 157696K, used 25409K [0x0000000703800000, 0x0000000800000000)
  region size 2048K, 3 young (6144K), 3 survivors (6144K)
 Metaspace       used 56712K, committed 57152K, reserved 1105920K
  class space    used 7504K, committed 7744K, reserved 1048576K
}
Event: 5.268 GC heap before
{Heap before GC invocations=14 (full 0):
 garbage-first heap   total 157696K, used 107329K [0x0000000703800000, 0x0000000800000000)
  region size 2048K, 44 young (90112K), 3 survivors (6144K)
 Metaspace       used 59883K, committed 60288K, reserved 1105920K
  class space    used 7897K, committed 8128K, reserved 1048576K
}
Event: 5.273 GC heap after
{Heap after GC invocations=15 (full 0):
 garbage-first heap   total 157696K, used 28930K [0x0000000703800000, 0x0000000800000000)
  region size 2048K, 5 young (10240K), 5 survivors (10240K)
 Metaspace       used 59883K, committed 60288K, reserved 1105920K
  class space    used 7897K, committed 8128K, reserved 1048576K
}
Event: 27.759 GC heap before
{Heap before GC invocations=16 (full 0):
 garbage-first heap   total 116736K, used 86274K [0x0000000703800000, 0x0000000800000000)
  region size 2048K, 34 young (69632K), 5 survivors (10240K)
 Metaspace       used 67551K, committed 68032K, reserved 1114112K
  class space    used 8876K, committed 9152K, reserved 1048576K
}
Event: 27.773 GC heap after
{Heap after GC invocations=17 (full 0):
 garbage-first heap   total 116736K, used 42834K [0x0000000703800000, 0x0000000800000000)
  region size 2048K, 5 young (10240K), 5 survivors (10240K)
 Metaspace       used 67551K, committed 68032K, reserved 1114112K
  class space    used 8876K, committed 9152K, reserved 1048576K
}
Event: 27.775 GC heap before
{Heap before GC invocations=17 (full 0):
 garbage-first heap   total 116736K, used 42834K [0x0000000703800000, 0x0000000800000000)
  region size 2048K, 6 young (12288K), 5 survivors (10240K)
 Metaspace       used 67551K, committed 68032K, reserved 1114112K
  class space    used 8876K, committed 9152K, reserved 1048576K
}
Event: 27.781 GC heap after
{Heap after GC invocations=18 (full 0):
 garbage-first heap   total 116736K, used 44928K [0x0000000703800000, 0x0000000800000000)
  region size 2048K, 1 young (2048K), 1 survivors (2048K)
 Metaspace       used 67551K, committed 68032K, reserved 1114112K
  class space    used 8876K, committed 9152K, reserved 1048576K
}
Event: 27.787 GC heap before
{Heap before GC invocations=18 (full 0):
 garbage-first heap   total 116736K, used 44928K [0x0000000703800000, 0x0000000800000000)
  region size 2048K, 3 young (6144K), 1 survivors (2048K)
 Metaspace       used 67551K, committed 68032K, reserved 1114112K
  class space    used 8876K, committed 9152K, reserved 1048576K
}
Event: 27.789 GC heap after
{Heap after GC invocations=19 (full 0):
 garbage-first heap   total 116736K, used 48384K [0x0000000703800000, 0x0000000800000000)
  region size 2048K, 3 young (6144K), 3 survivors (6144K)
 Metaspace       used 67551K, committed 68032K, reserved 1114112K
  class space    used 8876K, committed 9152K, reserved 1048576K
}
Event: 27.807 GC heap before
{Heap before GC invocations=19 (full 0):
 garbage-first heap   total 116736K, used 56576K [0x0000000703800000, 0x0000000800000000)
  region size 2048K, 4 young (8192K), 3 survivors (6144K)
 Metaspace       used 67552K, committed 68032K, reserved 1114112K
  class space    used 8876K, committed 9152K, reserved 1048576K
}
Event: 27.810 GC heap after
{Heap after GC invocations=20 (full 0):
 garbage-first heap   total 116736K, used 56715K [0x0000000703800000, 0x0000000800000000)
  region size 2048K, 1 young (2048K), 1 survivors (2048K)
 Metaspace       used 67552K, committed 68032K, reserved 1114112K
  class space    used 8876K, committed 9152K, reserved 1048576K
}
Event: 27.881 GC heap before
{Heap before GC invocations=21 (full 0):
 garbage-first heap   total 126976K, used 87435K [0x0000000703800000, 0x0000000800000000)
  region size 2048K, 10 young (20480K), 1 survivors (2048K)
 Metaspace       used 67553K, committed 68032K, reserved 1114112K
  class space    used 8876K, committed 9152K, reserved 1048576K
}

Dll operation events (10 events):
Event: 0.005 Loaded shared library C:\Users\rgadirov\.jdks\corretto-17.0.6\bin\java.dll
Event: 0.012 Loaded shared library C:\Users\rgadirov\.jdks\corretto-17.0.6\bin\jsvml.dll
Event: 0.076 Loaded shared library C:\Users\rgadirov\.jdks\corretto-17.0.6\bin\net.dll
Event: 0.077 Loaded shared library C:\Users\rgadirov\.jdks\corretto-17.0.6\bin\nio.dll
Event: 0.079 Loaded shared library C:\Users\rgadirov\.jdks\corretto-17.0.6\bin\zip.dll
Event: 0.126 Loaded shared library C:\Users\rgadirov\.jdks\corretto-17.0.6\bin\verify.dll
Event: 0.131 Loaded shared library C:\Users\rgadirov\.jdks\corretto-17.0.6\bin\jimage.dll
Event: 0.612 Loaded shared library C:\Users\rgadirov\.jdks\corretto-17.0.6\bin\management.dll
Event: 0.614 Loaded shared library C:\Users\rgadirov\.jdks\corretto-17.0.6\bin\management_ext.dll
Event: 2.264 Loaded shared library C:\Users\rgadirov\.jdks\corretto-17.0.6\bin\sunmscapi.dll

Deoptimization events (20 events):
Event: 27.802 Thread 0x0000026a2d2107a0 DEOPT PACKING pc=0x0000026a0ce65c53 sp=0x000000f4ae1faf90
Event: 27.802 Thread 0x0000026a2d2107a0 DEOPT UNPACKING pc=0x0000026a13647143 sp=0x000000f4ae1fa460 mode 0
Event: 27.802 Thread 0x0000026a2d2107a0 DEOPT PACKING pc=0x0000026a0ce65c53 sp=0x000000f4ae1faf90
Event: 27.802 Thread 0x0000026a2d2107a0 DEOPT UNPACKING pc=0x0000026a13647143 sp=0x000000f4ae1fa460 mode 0
Event: 27.802 Thread 0x0000026a2d2107a0 DEOPT PACKING pc=0x0000026a0ce65c53 sp=0x000000f4ae1faf90
Event: 27.802 Thread 0x0000026a2d2107a0 DEOPT UNPACKING pc=0x0000026a13647143 sp=0x000000f4ae1fa460 mode 0
Event: 27.802 Thread 0x0000026a2d2107a0 DEOPT PACKING pc=0x0000026a0ce65c53 sp=0x000000f4ae1faf90
Event: 27.802 Thread 0x0000026a2d2107a0 DEOPT UNPACKING pc=0x0000026a13647143 sp=0x000000f4ae1fa460 mode 0
Event: 27.802 Thread 0x0000026a2d2107a0 DEOPT PACKING pc=0x0000026a0ce65c53 sp=0x000000f4ae1faf90
Event: 27.802 Thread 0x0000026a2d2107a0 DEOPT UNPACKING pc=0x0000026a13647143 sp=0x000000f4ae1fa460 mode 0
Event: 27.802 Thread 0x0000026a2d2107a0 DEOPT PACKING pc=0x0000026a0ce65c53 sp=0x000000f4ae1faf90
Event: 27.802 Thread 0x0000026a2d2107a0 DEOPT UNPACKING pc=0x0000026a13647143 sp=0x000000f4ae1fa460 mode 0
Event: 27.802 Thread 0x0000026a2d2107a0 DEOPT PACKING pc=0x0000026a0ce65c53 sp=0x000000f4ae1faf90
Event: 27.802 Thread 0x0000026a2d2107a0 DEOPT UNPACKING pc=0x0000026a13647143 sp=0x000000f4ae1fa460 mode 0
Event: 27.802 Thread 0x0000026a2d2107a0 DEOPT PACKING pc=0x0000026a0ce65c53 sp=0x000000f4ae1faf90
Event: 27.802 Thread 0x0000026a2d2107a0 DEOPT UNPACKING pc=0x0000026a13647143 sp=0x000000f4ae1fa460 mode 0
Event: 27.803 Thread 0x0000026a2d2107a0 DEOPT PACKING pc=0x0000026a0ce65c53 sp=0x000000f4ae1faf90
Event: 27.803 Thread 0x0000026a2d2107a0 DEOPT UNPACKING pc=0x0000026a13647143 sp=0x000000f4ae1fa460 mode 0
Event: 27.837 Thread 0x0000026a2d2107a0 DEOPT PACKING pc=0x0000026a0ce458ee sp=0x000000f4ae1fb090
Event: 27.837 Thread 0x0000026a2d2107a0 DEOPT UNPACKING pc=0x0000026a13647143 sp=0x000000f4ae1fa5f0 mode 0

Classes unloaded (0 events):
No events

Classes redefined (0 events):
No events

Internal exceptions (20 events):
Event: 5.127 Thread 0x0000026a045df8b0 Exception <a 'java/lang/ClassNotFoundException'{0x0000000708bdba00}: org/springframework/beans/factory/AwareCustomizer> (0x0000000708bdba00) 
thrown [s\src\hotspot\share\classfile\systemDictionary.cpp, line 256]
Event: 5.127 Thread 0x0000026a045df8b0 Exception <a 'java/lang/ClassNotFoundException'{0x0000000708be0130}: org/springframework/beans/factory/BeanClassLoaderAwareCustomizer> (0x0000000708be0130) 
thrown [s\src\hotspot\share\classfile\systemDictionary.cpp, line 256]
Event: 5.127 Thread 0x0000026a045df8b0 Exception <a 'java/lang/ClassNotFoundException'{0x0000000708be53b0}: org/springframework/beans/factory/AwareCustomizer> (0x0000000708be53b0) 
thrown [s\src\hotspot\share\classfile\systemDictionary.cpp, line 256]
Event: 5.157 Thread 0x0000026a045df8b0 Implicit null exception at 0x0000026a13c9adc6 to 0x0000026a13c9b1d3
Event: 5.260 Thread 0x0000026a045df8b0 Exception <a 'java/lang/ClassNotFoundException'{0x000000070807ae98}: java/lang/ObjectCustomizer> (0x000000070807ae98) 
thrown [s\src\hotspot\share\classfile\systemDictionary.cpp, line 256]
Event: 5.261 Thread 0x0000026a045df8b0 Exception <a 'java/lang/ClassNotFoundException'{0x00000007080832e8}: org/springframework/security/config/annotation/web/configuration/HttpSecurityConfigurationCustomizer> (0x00000007080832e8) 
thrown [s\src\hotspot\share\classfile\systemDictionary.cpp, line 256]
Event: 5.323 Thread 0x0000026a045df8b0 Exception <a 'java/lang/NoSuchMethodError'{0x000000070a66e9a8}: 'void java.lang.invoke.DirectMethodHandle$Holder.invokeStatic(java.lang.Object, java.lang.Object, int)'> (0x000000070a66e9a8) 
thrown [s\src\hotspot\share\interpreter\linkResolver.cpp, line 759]
Event: 5.377 Thread 0x0000026a045df8b0 Exception <a 'java/lang/NoSuchMethodError'{0x000000070a3329d0}: 'void java.lang.invoke.DirectMethodHandle$Holder.invokeVirtual(java.lang.Object, java.lang.Object, int)'> (0x000000070a3329d0) 
thrown [s\src\hotspot\share\interpreter\linkResolver.cpp, line 759]
Event: 5.378 Thread 0x0000026a045df8b0 Exception <a 'java/lang/NoSuchMethodError'{0x000000070a34d578}: 'void java.lang.invoke.DirectMethodHandle$Holder.invokeVirtual(java.lang.Object, java.lang.Object, long)'> (0x000000070a34d578) 
thrown [s\src\hotspot\share\interpreter\linkResolver.cpp, line 759]
Event: 5.492 Thread 0x0000026a045df8b0 Exception <a 'java/lang/IncompatibleClassChangeError'{0x0000000709dee618}: Found class java.lang.Object, but interface was expected> (0x0000000709dee618) 
thrown [s\src\hotspot\share\interpreter\linkResolver.cpp, line 826]
Event: 5.523 Thread 0x0000026a045df8b0 Implicit null exception at 0x0000026a13d50d77 to 0x0000026a13d511f5
Event: 5.540 Thread 0x0000026a045df8b0 Implicit null exception at 0x0000026a13cd0e60 to 0x0000026a13cd10c8
Event: 5.575 Thread 0x0000026a045df8b0 Exception <a 'java/lang/NoSuchMethodError'{0x0000000709430790}: 'java.lang.Object java.lang.invoke.DirectMethodHandle$Holder.invokeSpecial(java.lang.Object, java.lang.Object, int, java.lang.Object, int, java.lang.Object)'> (0x0000000709430790) 
thrown [s\src\hotspot\share\interpreter\linkResolver.cpp, line 759]
Event: 5.576 Thread 0x0000026a045df8b0 Exception <a 'java/lang/NoSuchMethodError'{0x0000000709438590}: 'java.lang.Object java.lang.invoke.DirectMethodHandle$Holder.newInvokeSpecial(java.lang.Object, java.lang.Object, int, java.lang.Object, int)'> (0x0000000709438590) 
thrown [s\src\hotspot\share\interpreter\linkResolver.cpp, line 759]
Event: 5.576 Thread 0x0000026a045df8b0 Exception <a 'java/lang/NoSuchMethodError'{0x000000070943c690}: 'java.lang.Object java.lang.invoke.DirectMethodHandle$Holder.invokeSpecial(java.lang.Object, java.lang.Object, java.lang.Object, int, java.lang.Object, int)'> (0x000000070943c690) 
thrown [s\src\hotspot\share\interpreter\linkResolver.cpp, line 759]
Event: 5.577 Thread 0x0000026a045df8b0 Exception <a 'java/lang/NoSuchMethodError'{0x0000000709446d80}: 'void java.lang.invoke.DirectMethodHandle$Holder.invokeVirtual(java.lang.Object, java.lang.Object)'> (0x0000000709446d80) 
thrown [s\src\hotspot\share\interpreter\linkResolver.cpp, line 759]
Event: 10.495 Thread 0x0000026a2f44a9b0 Exception <a 'java/lang/NoSuchMethodError'{0x0000000708818208}: 'java.lang.Object java.lang.invoke.DirectMethodHandle$Holder.newInvokeSpecial(java.lang.Object, java.lang.Object, long)'> (0x0000000708818208) 
thrown [s\src\hotspot\share\interpreter\linkResolver.cpp, line 759]
Event: 10.495 Thread 0x0000026a2f44a9b0 Exception <a 'java/lang/NoSuchMethodError'{0x000000070881c280}: 'java.lang.Object java.lang.invoke.Invokers$Holder.linkToTargetMethod(java.lang.Object, long, java.lang.Object)'> (0x000000070881c280) 
thrown [s\src\hotspot\share\interpreter\linkResolver.cpp, line 759]
Event: 10.574 Thread 0x0000026a2f44a9b0 Exception <a 'java/lang/NoSuchMethodError'{0x000000070840fea8}: 'java.lang.Object java.lang.invoke.DirectMethodHandle$Holder.invokeStaticInit(java.lang.Object, java.lang.Object, java.lang.Object, java.lang.Object, java.lang.Object, java.lang.Object)'> (0x000000070840fea8) 
thrown [s\src\hotspot\share\interpreter\linkResolver.cpp, line 759]
Event: 15.457 Thread 0x0000026a2d2107a0 Exception <a 'java/lang/NoSuchMethodError'{0x00000007080368d0}: 'java.lang.Object java.lang.invoke.DirectMethodHandle$Holder.invokeInterface(java.lang.Object, java.lang.Object, java.lang.Object, java.lang.Object)'> (0x00000007080368d0) 
thrown [s\src\hotspot\share\interpreter\linkResolver.cpp, line 759]

VM Operations (20 events):
Event: 17.516 Executing VM operation: Cleanup done
Event: 21.573 Executing VM operation: Cleanup
Event: 21.574 Executing VM operation: Cleanup done
Event: 22.585 Executing VM operation: Cleanup
Event: 22.585 Executing VM operation: Cleanup done
Event: 26.619 Executing VM operation: Cleanup
Event: 26.619 Executing VM operation: Cleanup done
Event: 27.759 Executing VM operation: G1CollectForAllocation
Event: 27.773 Executing VM operation: G1CollectForAllocation done
Event: 27.775 Executing VM operation: G1CollectForAllocation
Event: 27.781 Executing VM operation: G1CollectForAllocation done
Event: 27.787 Executing VM operation: G1TryInitiateConcMark
Event: 27.789 Executing VM operation: G1TryInitiateConcMark done
Event: 27.807 Executing VM operation: G1TryInitiateConcMark
Event: 27.810 Executing VM operation: G1TryInitiateConcMark done
Event: 27.843 Executing VM operation: G1Concurrent
Event: 27.847 Executing VM operation: G1Concurrent done
Event: 27.860 Executing VM operation: G1Concurrent
Event: 27.860 Executing VM operation: G1Concurrent done
Event: 27.881 Executing VM operation: G1TryInitiateConcMark

Events (20 events):
Event: 15.494 loading class java/time/chrono/IsoEra
Event: 15.494 loading class java/time/chrono/Era
Event: 15.494 loading class java/time/chrono/Era done
Event: 15.494 loading class java/time/chrono/IsoEra done
Event: 15.503 loading class java/util/OptionalLong
Event: 15.503 loading class java/util/OptionalLong done
Event: 15.503 loading class java/util/OptionalDouble
Event: 15.503 loading class java/util/OptionalDouble done
Event: 15.504 loading class java/util/stream/LongStream
Event: 15.504 loading class java/util/stream/LongStream done
Event: 15.504 loading class java/util/stream/DoubleStream
Event: 15.504 loading class java/util/stream/DoubleStream done
Event: 15.514 loading class org/w3c/dom/Document
Event: 15.514 loading class org/w3c/dom/Document done
Event: 27.733 loading class java/text/ParsePosition
Event: 27.733 loading class java/text/ParsePosition done
Event: 27.733 loading class java/time/format/DateTimeParseContext
Event: 27.733 loading class java/time/format/DateTimeParseContext done
Event: 27.733 loading class java/time/format/Parsed
Event: 27.733 loading class java/time/format/Parsed done


Dynamic libraries:
0x00007ff6d5f10000 - 0x00007ff6d5f1d000 	C:\Users\rgadirov\.jdks\corretto-17.0.6\bin\java.exe
0x00007ffdd65d0000 - 0x00007ffdd67c8000 	C:\Windows\SYSTEM32\ntdll.dll
0x00007ffdd5ab0000 - 0x00007ffdd5b6f000 	C:\Windows\System32\KERNEL32.DLL
0x00007ffdd4290000 - 0x00007ffdd4562000 	C:\Windows\System32\KERNELBASE.dll
0x000000006f870000 - 0x000000006f91e000 	C:\Windows\System32\SYSFER.DLL
0x00007ffdd3e60000 - 0x00007ffdd3f60000 	C:\Windows\System32\ucrtbase.dll
0x00007ffd99680000 - 0x00007ffd99695000 	C:\Users\rgadirov\.jdks\corretto-17.0.6\bin\VCRUNTIME140.dll
0x00007ffd9c4c0000 - 0x00007ffd9c4d7000 	C:\Users\rgadirov\.jdks\corretto-17.0.6\bin\jli.dll
0x00007ffdd55a0000 - 0x00007ffdd573d000 	C:\Windows\System32\USER32.dll
0x00007ffdd3e30000 - 0x00007ffdd3e52000 	C:\Windows\System32\win32u.dll
0x00007ffda7e70000 - 0x00007ffda810a000 	C:\Windows\WinSxS\amd64_microsoft.windows.common-controls_6595b64144ccf1df_6.0.19041.1110_none_60b5254171f9507e\COMCTL32.dll
0x00007ffdd59d0000 - 0x00007ffdd59fb000 	C:\Windows\System32\GDI32.dll
0x00007ffdd3f60000 - 0x00007ffdd406f000 	C:\Windows\System32\gdi32full.dll
0x00007ffdd5b70000 - 0x00007ffdd5c0e000 	C:\Windows\System32\msvcrt.dll
0x00007ffdd3d90000 - 0x00007ffdd3e2d000 	C:\Windows\System32\msvcp_win.dll
0x00007ffdd4fc0000 - 0x00007ffdd4ff2000 	C:\Windows\System32\IMM32.DLL
0x00007ffd8d790000 - 0x00007ffd8d82b000 	C:\Users\rgadirov\.jdks\corretto-17.0.6\bin\msvcp140.dll
0x00007ffd76a80000 - 0x00007ffd77698000 	C:\Users\rgadirov\.jdks\corretto-17.0.6\bin\server\jvm.dll
0x00007ffdd4680000 - 0x00007ffdd472e000 	C:\Windows\System32\ADVAPI32.dll
0x00007ffdd5dd0000 - 0x00007ffdd5e6c000 	C:\Windows\System32\sechost.dll
0x00007ffdd5740000 - 0x00007ffdd5865000 	C:\Windows\System32\RPCRT4.dll
0x00007ffdbd850000 - 0x00007ffdbd859000 	C:\Windows\SYSTEM32\WSOCK32.dll
0x00007ffdd50b0000 - 0x00007ffdd511b000 	C:\Windows\System32\WS2_32.dll
0x00007ffdb8ca0000 - 0x00007ffdb8cc7000 	C:\Windows\SYSTEM32\WINMM.dll
0x00007ffdcb250000 - 0x00007ffdcb25a000 	C:\Windows\SYSTEM32\VERSION.dll
0x00007ffdd1bb0000 - 0x00007ffdd1bc2000 	C:\Windows\SYSTEM32\kernel.appcore.dll
0x00007ffdadda0000 - 0x00007ffdaddaa000 	C:\Users\rgadirov\.jdks\corretto-17.0.6\bin\jimage.dll
0x00007ffdb90f0000 - 0x00007ffdb92d4000 	C:\Windows\SYSTEM32\DBGHELP.DLL
0x00007ffdb90c0000 - 0x00007ffdb90ec000 	C:\Windows\SYSTEM32\dbgcore.DLL
0x00007ffdd41d0000 - 0x00007ffdd4252000 	C:\Windows\System32\bcryptPrimitives.dll
0x00007ffd95dd0000 - 0x00007ffd95df5000 	C:\Users\rgadirov\.jdks\corretto-17.0.6\bin\java.dll
0x00007ffd7ff20000 - 0x00007ffd7fff6000 	C:\Users\rgadirov\.jdks\corretto-17.0.6\bin\jsvml.dll
0x00007ffdd4730000 - 0x00007ffdd4e73000 	C:\Windows\System32\SHELL32.dll
0x00007ffdd1db0000 - 0x00007ffdd2542000 	C:\Windows\SYSTEM32\windows.storage.dll
0x00007ffdd6230000 - 0x00007ffdd6584000 	C:\Windows\System32\combase.dll
0x00007ffdd36c0000 - 0x00007ffdd36f0000 	C:\Windows\SYSTEM32\Wldp.dll
0x00007ffdd5a00000 - 0x00007ffdd5aad000 	C:\Windows\System32\SHCORE.dll
0x00007ffdd4620000 - 0x00007ffdd4675000 	C:\Windows\System32\shlwapi.dll
0x00007ffdd3c10000 - 0x00007ffdd3c2f000 	C:\Windows\SYSTEM32\profapi.dll
0x00007ffd99140000 - 0x00007ffd99159000 	C:\Users\rgadirov\.jdks\corretto-17.0.6\bin\net.dll
0x00007ffdbdc40000 - 0x00007ffdbdd4c000 	C:\Windows\SYSTEM32\WINHTTP.dll
0x00007ffdd33b0000 - 0x00007ffdd341a000 	C:\Windows\system32\mswsock.dll
0x00007ffd92f30000 - 0x00007ffd92f45000 	C:\Users\rgadirov\.jdks\corretto-17.0.6\bin\nio.dll
0x00007ffd92d60000 - 0x00007ffd92d78000 	C:\Users\rgadirov\.jdks\corretto-17.0.6\bin\zip.dll
0x00007ffda77e0000 - 0x00007ffda77f0000 	C:\Users\rgadirov\.jdks\corretto-17.0.6\bin\verify.dll
0x00007ffdcf300000 - 0x00007ffdcf309000 	C:\Users\rgadirov\.jdks\corretto-17.0.6\bin\management.dll
0x00007ffdc66c0000 - 0x00007ffdc66cb000 	C:\Users\rgadirov\.jdks\corretto-17.0.6\bin\management_ext.dll
0x00007ffdd5120000 - 0x00007ffdd5128000 	C:\Windows\System32\PSAPI.DLL
0x00007ffdbf2c0000 - 0x00007ffdbf2d7000 	C:\Windows\system32\napinsp.dll
0x00007ffdbf2a0000 - 0x00007ffdbf2bb000 	C:\Windows\system32\pnrpnsp.dll
0x00007ffdccff0000 - 0x00007ffdcd005000 	C:\Windows\system32\wshbth.dll
0x00007ffdcf840000 - 0x00007ffdcf85d000 	C:\Windows\system32\NLAapi.dll
0x00007ffdd30a0000 - 0x00007ffdd30db000 	C:\Windows\SYSTEM32\IPHLPAPI.DLL
0x00007ffdd30f0000 - 0x00007ffdd31ba000 	C:\Windows\SYSTEM32\DNSAPI.dll
0x00007ffdd5870000 - 0x00007ffdd5878000 	C:\Windows\System32\NSI.dll
0x00007ffdbf2e0000 - 0x00007ffdbf2f2000 	C:\Windows\System32\winrnr.dll
0x00007ffdca7c0000 - 0x00007ffdca7ca000 	C:\Windows\System32\rasadhlp.dll
0x00007ffdcd030000 - 0x00007ffdcd0b0000 	C:\Windows\System32\fwpuclnt.dll
0x00007ffdd4260000 - 0x00007ffdd4287000 	C:\Windows\System32\bcrypt.dll
0x00007ffdd35a0000 - 0x00007ffdd35b8000 	C:\Windows\SYSTEM32\CRYPTSP.dll
0x00007ffdd2cd0000 - 0x00007ffdd2d04000 	C:\Windows\system32\rsaenh.dll
0x00007ffdd3bd0000 - 0x00007ffdd3bfe000 	C:\Windows\SYSTEM32\USERENV.dll
0x00007ffdd35c0000 - 0x00007ffdd35cc000 	C:\Windows\SYSTEM32\CRYPTBASE.dll
0x00007ffdcd110000 - 0x00007ffdcd127000 	C:\Windows\SYSTEM32\dhcpcsvc6.DLL
0x00007ffdcd0c0000 - 0x00007ffdcd0dd000 	C:\Windows\SYSTEM32\dhcpcsvc.DLL
0x00007ffdbaa80000 - 0x00007ffdbaa8e000 	C:\Users\rgadirov\.jdks\corretto-17.0.6\bin\sunmscapi.dll
0x00007ffdd4070000 - 0x00007ffdd41c6000 	C:\Windows\System32\CRYPT32.dll
0x00007ffdd3730000 - 0x00007ffdd3757000 	C:\Windows\SYSTEM32\ncrypt.dll
0x00007ffdd36f0000 - 0x00007ffdd372b000 	C:\Windows\SYSTEM32\NTASN1.dll
0x00007ffdcf530000 - 0x00007ffdcf537000 	C:\Windows\system32\wshunix.dll

dbghelp: loaded successfully - version: 4.0.5 - missing functions: none
symbol engine: initialized successfully - sym options: 0x614 - pdb path: .;C:\Users\rgadirov\.jdks\corretto-17.0.6\bin;C:\Windows\SYSTEM32;C:\Windows\WinSxS\amd64_microsoft.windows.common-controls_6595b64144ccf1df_6.0.19041.1110_none_60b5254171f9507e;C:\Users\rgadirov\.jdks\corretto-17.0.6\bin\server

VM Arguments:
jvm_args: -Dfile.encoding=windows-1251 -Duser.country=US -Duser.language=en -Duser.variant 
java_command: com.naa.trainingcenter.TrainingcenterApplication
java_class_path (initial): C:\Users\rgadirov\IdeaProjects\naa_training_center_app\build\classes\java\main;C:\Users\rgadirov\IdeaProjects\naa_training_center_app\build\resources\main;C:\Users\rgadirov\.gradle\caches\modules-2\files-2.1\org.springframework.boot\spring-boot-starter-data-jpa\2.7.3\23f7118584200cf9edd43140dc6252679047bee0\spring-boot-starter-data-jpa-2.7.3.jar;C:\Users\rgadirov\.gradle\caches\modules-2\files-2.1\org.springframework.boot\spring-boot-starter-web\2.7.3\9e36c7517c4f872b69d0665e1dd46bd6d83c43b7\spring-boot-starter-web-2.7.3.jar;C:\Users\rgadirov\.gradle\caches\modules-2\files-2.1\org.liquibase\liquibase-core\4.9.1\3884ee003b465e7925f5a4c5494e9e987de3e041\liquibase-core-4.9.1.jar;C:\Users\rgadirov\.gradle\caches\modules-2\files-2.1\org.modelmapper\modelmapper\2.1.1\a983407fe1c7ae31845c7f80a323d01c25c21ca4\modelmapper-2.1.1.jar;C:\Users\rgadirov\.gradle\caches\modules-2\files-2.1\org.springframework.boot\spring-boot-starter-mail\2.5.0\c6d12affa7b24a110dea445d96e1f4035ca6f7aa\spring-boot-starter-mail-2.5.0.jar;C:\Users\rgadirov\.gradle\caches\modules-2\files-2.1\org.springframework.boot\spring-boot-starter-jdbc\2.7.3\c5cfc6efad06811d5dd916e86c97989b08575b31\spring-boot-starter-jdbc-2.7.3.jar;C:\Users\rgadirov\.gradle\caches\modules-2\files-2.1\org.springframework.boot\spring-boot-starter-security\2.7.3\bcdd12a760d204281a64dccbd670810c494507e3\spring-boot-starter-security-2.7.3.jar;C:\Users\rgadirov\.gradle\caches\modules-2\files-2.1\com.auth0\java-jwt\4.3.0\4265e12233eb32d158f6263b6a036217e3f6c7bd\java-jwt-4.3.0.jar;C:\Users\rgadirov\.gradle\caches\modules-2\files-2.1\org.apache.pdfbox\pdfbox\2.0.27\416a9dfce3714116bfdf793b15368df04266845f\pdfbox-2.0.27.jar;C:\Users\rgadirov\.gradle\caches\modules-2\files-2.1\mysql\mysql-connector-java\8.0.30\b26dd6e4e917d3d4726c34d09d2fd67df7c1dd37\mysql-connector-java-8.0.30.jar;C:\Users\rgadirov\.gradle\caches\modules-2\files-2.1\org.springframework.boot\spring-boot-starter-aop\2.7.3\b2806bdfae4cff6b82a174a
Launcher Type: SUN_STANDARD

[Global flags]
     intx CICompilerCount                          = 4                                         {product} {ergonomic}
     uint ConcGCThreads                            = 3                                         {product} {ergonomic}
     uint G1ConcRefinementThreads                  = 10                                        {product} {ergonomic}
   size_t G1HeapRegionSize                         = 2097152                                   {product} {ergonomic}
    uintx GCDrainStackTargetSize                   = 64                                        {product} {ergonomic}
   size_t InitialHeapSize                          = 266338304                                 {product} {ergonomic}
   size_t MarkStackSize                            = 4194304                                   {product} {ergonomic}
   size_t MaxHeapSize                              = 4236247040                                {product} {ergonomic}
   size_t MaxNewSize                               = 2541748224                                {product} {ergonomic}
   size_t MinHeapDeltaBytes                        = 2097152                                   {product} {ergonomic}
   size_t MinHeapSize                              = 8388608                                   {product} {ergonomic}
    uintx NonNMethodCodeHeapSize                   = 5839372                                {pd product} {ergonomic}
    uintx NonProfiledCodeHeapSize                  = 122909434                              {pd product} {ergonomic}
    uintx ProfiledCodeHeapSize                     = 122909434                              {pd product} {ergonomic}
    uintx ReservedCodeCacheSize                    = 251658240                              {pd product} {ergonomic}
     bool SegmentedCodeCache                       = true                                      {product} {ergonomic}
   size_t SoftMaxHeapSize                          = 4236247040                             {manageable} {ergonomic}
     bool UseCompressedClassPointers               = true                           {product lp64_product} {ergonomic}
     bool UseCompressedOops                        = true                           {product lp64_product} {ergonomic}
     bool UseG1GC                                  = true                                      {product} {ergonomic}
     bool UseLargePagesIndividualAllocation        = false                                  {pd product} {ergonomic}

Logging:
Log output configuration:
 #0: stdout all=warning uptime,level,tags
 #1: stderr all=off uptime,level,tags

Environment Variables:
PATH=C:\Program Files\Common Files\Oracle\Java\javapath;C:\Program Files (x86)\Common Files\Oracle\Java\javapath;C:\Windows\system32;C:\Windows;C:\Windows\System32\Wbem;C:\Windows\System32\WindowsPowerShell\v1.0\;C:\Windows\System32\OpenSSH\;C:\Program Files\Git\cmd;C:\Program Files\nodejs\;C:\Program Files\MySQL\MySQL Shell 8.0\bin\;C:\Users\rgadirov\AppData\Local\Microsoft\WindowsApps;C:\Users\rgadirov\AppData\Local\Programs\Microsoft VS Code\bin;C:\Users\rgadirov\AppData\Roaming\npm;C:\Program Files\nodejs;
USERNAME=rgadirov
OS=Windows_NT
PROCESSOR_IDENTIFIER=Intel64 Family 6 Model 158 Stepping 10, GenuineIntel
TMP=C:\Users\rgadirov\AppData\Local\Temp
TEMP=C:\Users\rgadirov\AppData\Local\Temp



---------------  S Y S T E M  ---------------

OS:
 Windows 10 , 64 bit Build 19041 (10.0.19041.2251)
OS uptime: 6 days 0:41 hours

CPU: total 12 (initial active 12) (6 cores per cpu, 2 threads per core) family 6 model 158 stepping 10 microcode 0xf0, cx8, cmov, fxsr, ht, mmx, 3dnowpref, sse, sse2, sse3, ssse3, sse4.1, sse4.2, popcnt, lzcnt, tsc, tscinvbit, avx, avx2, aes, erms, clmul, bmi1, bmi2, rtm, adx, fma, vzeroupper, clflush, clflushopt

Memory: 4k page, system-wide physical 16158M (3801M free)
TotalPageFile size 48206M (AvailPageFile size 106M)
current process WorkingSet (physical memory assigned to process): 289M, peak: 351M
current process commit charge ("private bytes"): 465M, peak: 581M

vm_info: OpenJDK 64-Bit Server VM (17.0.6+10-LTS) for windows-amd64 JRE (17.0.6+10-LTS), built on Jan 13 2023 22:57:04 by "Administrator" with MS VC++ 15.9 (VS2017)

END.
